android_1/app/build/intermediates/manifest_merge_blame_file/debug/manifest-merger-blame-debug-report.txt
1<?xml version="1.0" encoding="utf-8"?>
2<manifest xmlns:android="http://schemas.android.com/apk/res/android"
3    package="com.example.myactivity_1"
4    android:versionCode="1"
5    android:versionName="1.0" >
6
7    <uses-sdk
8        android:minSdkVersion="24"
8-->src\main\AndroidManifest.xml
9        android:targetSdkVersion="31" />
9-->src\main\AndroidManifest.xml
10
11    <application
11-->src\main\AndroidManifest.xml:5:5-38:19
12        android:allowBackup="true"
12-->src\main\AndroidManifest.xml:6:9-35
13        android:appComponentFactory="androidx.core.app.CoreComponentFactory"
13-->[androidx.core:core:1.5.0] AndroidManifest.xml:24:18-86
14        android:debuggable="true"
15        android:extractNativeLibs="false"
16        android:icon="@mipmap/ic_launcher"
16-->src\main\AndroidManifest.xml:7:9-43
17        android:label="@string/app_name"
17-->src\main\AndroidManifest.xml:8:9-41
18        android:roundIcon="@mipmap/ic_launcher_round"
18-->src\main\AndroidManifest.xml:9:9-54
19        android:supportsRtl="true"
19-->src\main\AndroidManifest.xml:10:9-35
20        android:testOnly="true"
21        android:theme="@style/Theme.MyActivity_1" >
21-->src\main\AndroidManifest.xml:11:9-50
22        <activity
22-->src\main\AndroidManifest.xml:12:9-20:20
23            android:name="com.example.myactivity_1.Intent3"
23-->src\main\AndroidManifest.xml:13:13-36
24            android:exported="true" >
24-->src\main\AndroidManifest.xml:14:13-36
25            <intent-filter>
25-->src\main\AndroidManifest.xml:15:13-19:29
26                <action android:name="android.intent.action.MAIN" />
26-->src\main\AndroidManifest.xml:16:17-69
26-->src\main\AndroidManifest.xml:16:25-66
27
28                <category android:name="android.intent.category.LAUNCHER" />
28-->src\main\AndroidManifest.xml:18:17-77
28-->src\main\AndroidManifest.xml:18:27-74
29            </intent-filter>
30        </activity>
31        <activity
31-->src\main\AndroidManifest.xml:21:9-23:48
32            android:name="com.example.myactivity_1.Intent_2"
32-->src\main\AndroidManifest.xml:22:13-37
33            android:exported="true" />
33-->src\main\AndroidManifest.xml:23:13-36
34        <activity
34-->src\main\AndroidManifest.xml:24:9-28:20
35            android:name="com.example.myactivity_1.Intent_1"
35-->src\main\AndroidManifest.xml:25:13-37
36            android:exported="true" >
36-->src\main\AndroidManifest.xml:26:13-36
37        </activity>
38        <activity
38-->src\main\AndroidManifest.xml:29:9-31:48
39            android:name="com.example.myactivity_1.Calculator"
39-->src\main\AndroidManifest.xml:30:13-39
40            android:exported="true" />
40-->src\main\AndroidManifest.xml:31:13-36
41        <activity
41-->src\main\AndroidManifest.xml:32:9-34:39
42            android:name="com.example.myactivity_1.Listener"
42-->src\main\AndroidManifest.xml:33:13-37
43            android:exported="true" />
43-->src\main\AndroidManifest.xml:34:13-36
44        <activity
44-->src\main\AndroidManifest.xml:35:9-37:39
45            android:name="com.example.myactivity_1.MainActivity"
45-->src\main\AndroidManifest.xml:36:13-41
46            android:exported="true" />
46-->src\main\AndroidManifest.xml:37:13-36
47    </application>
48
49</manifest>